<?xml version="1.0" encoding="UTF-8"?>
<!-- Generated by org.testng.reporters.JUnitReportReporter -->
<testsuite skipped="0" hostname="ruan" name="test.validateNavigation" tests="1" failures="0" timestamp="17 mai 2022 17:56:50 GMT" time="16.294" errors="0">
  <testcase name="validarLogin" time="16.294" classname="test.validateNavigation"/>
</testsuite> <!-- test.validateNavigation -->
