<?xml version="1.0" encoding="UTF-8"?>
<!-- Generated by org.testng.reporters.JUnitReportReporter -->
<testsuite skipped="0" hostname="ruan" name="test.CriarContaTest" tests="1" failures="1" timestamp="27 mai 2022 16:56:59 GMT" time="23.012" errors="0">
  <testcase name="realizarCadastroTest" time="23.012" classname="test.CriarContaTest">
    <failure type="com.codeborne.selenide.ex.ElementNotFound" message="Element not found {By.name: id_gender}
Expected: value=&quot;1&quot;
Screenshot: file:/home/tecmobile/Documents/TestingFramework/TestingFrameworkMegazord/build/reports/tests/1653670579850.0.png
Page source: file:/home/tecmobile/Documents/TestingFramework/TestingFrameworkMegazord/build/reports/tests/1653670579850.0.html
Timeout: 10 s.">
      <![CDATA[Element not found {By.name: id_gender}
Expected: value="1"
Screenshot: file:/home/tecmobile/Documents/TestingFramework/TestingFrameworkMegazord/build/reports/tests/1653670579850.0.png
Page source: file:/home/tecmobile/Documents/TestingFramework/TestingFrameworkMegazord/build/reports/tests/1653670579850.0.html
Timeout: 10 s.
	at com.codeborne.selenide.commands.SelectRadio.execute(SelectRadio.java:46)
	at com.codeborne.selenide.commands.SelectRadio.execute(SelectRadio.java:19)
	at com.codeborne.selenide.commands.Commands.execute(Commands.java:154)
	at com.codeborne.selenide.impl.SelenideElementProxy.dispatchAndRetry(SelenideElementProxy.java:131)
	at com.codeborne.selenide.impl.SelenideElementProxy.invoke(SelenideElementProxy.java:83)
	at com.sun.proxy.$Proxy24.selectRadio(Unknown Source)
	at action.CriarContaAction.fazerCadastro(CriarContaAction.java:45)
	at test.CriarContaTest.realizarCadastroTest(CriarContaTest.java:22)
	at sun.reflect.NativeMethodAccessorImpl.invoke0(Native Method)
	at sun.reflect.NativeMethodAccessorImpl.invoke(NativeMethodAccessorImpl.java:62)
	at sun.reflect.DelegatingMethodAccessorImpl.invoke(DelegatingMethodAccessorImpl.java:43)
	at java.lang.reflect.Method.invoke(Method.java:498)
	at org.testng.internal.MethodInvocationHelper.invokeMethod(MethodInvocationHelper.java:108)
	at org.testng.internal.Invoker.invokeMethod(Invoker.java:661)
	at org.testng.internal.Invoker.invokeTestMethod(Invoker.java:869)
	at org.testng.internal.Invoker.invokeTestMethods(Invoker.java:1193)
	at org.testng.internal.TestMethodWorker.invokeTestMethods(TestMethodWorker.java:126)
	at org.testng.internal.TestMethodWorker.run(TestMethodWorker.java:109)
	at org.testng.TestRunner.privateRun(TestRunner.java:744)
	at org.testng.TestRunner.run(TestRunner.java:602)
	at org.testng.SuiteRunner.runTest(SuiteRunner.java:380)
	at org.testng.SuiteRunner.access$000(SuiteRunner.java:39)
	at org.testng.SuiteRunner$SuiteWorker.run(SuiteRunner.java:414)
	at org.testng.internal.thread.ThreadUtil$1.call(ThreadUtil.java:52)
	at java.util.concurrent.FutureTask.run(FutureTask.java:266)
	at java.util.concurrent.ThreadPoolExecutor.runWorker(ThreadPoolExecutor.java:1149)
	at java.util.concurrent.ThreadPoolExecutor$Worker.run(ThreadPoolExecutor.java:624)
	at java.lang.Thread.run(Thread.java:748)
]]>
    </failure>
  </testcase> <!-- realizarCadastroTest -->
</testsuite> <!-- test.CriarContaTest -->
