<?xml version="1.0" encoding="UTF-8"?>
<!-- Generated by org.testng.reporters.JUnitReportReporter -->
<testsuite skipped="0" hostname="ruan" name="test.ValidateNavigation" tests="1" failures="0" timestamp="18 mai 2022 19:07:12 GMT" time="0.039" errors="0">
  <testcase name="validarLogin" time="0.039" classname="test.ValidateNavigation"/>
</testsuite> <!-- test.ValidateNavigation -->
