<?xml version="1.0" encoding="UTF-8"?>
<!-- Generated by org.testng.reporters.JUnitReportReporter -->
<testsuite skipped="0" hostname="ruan" name="test.LoginTest" tests="2" failures="0" timestamp="18 mai 2022 19:07:12 GMT" time="35.947" errors="0">
  <testcase name="login" time="5.620" classname="test.LoginTest"/>
  <testcase name="login" time="30.327" classname="test.LoginTest"/>
</testsuite> <!-- test.LoginTest -->
